\BOOKMARK [2][-]{section*.2}{\376\377\000\050\0001\000\051}{}% 1
\BOOKMARK [2][-]{section*.4}{\376\377\000\050\0002\000\051}{}% 2
\BOOKMARK [2][-]{section*.6}{\376\377\000\050\0003\000\051}{}% 3
\BOOKMARK [2][-]{section*.8}{\376\377\000*\000\050\0004\000\051}{}% 4
\BOOKMARK [2][-]{section*.10}{\376\377\000\050\0001\000\051}{}% 5
\BOOKMARK [3][-]{section*.11}{\376\377\000\050\000i\000\051}{section*.10}% 6
\BOOKMARK [3][-]{section*.12}{\376\377\000\050\000i\000i\000\051}{section*.10}% 7
\BOOKMARK [2][-]{section*.14}{\376\377\000\050\0002\000\051}{}% 8
\BOOKMARK [2][-]{section*.18}{\376\377\000\050\0001\000\051}{}% 9
\BOOKMARK [2][-]{section*.19}{\376\377\000\050\0002\000\051}{}% 10
\BOOKMARK [2][-]{section*.20}{\376\377\000\050\0003\000\051}{}% 11
\BOOKMARK [2][-]{section*.23}{\376\377\000\050\0001\000\051}{}% 12
\BOOKMARK [3][-]{section*.24}{\376\377\000\050\000i\000\051}{section*.23}% 13
\BOOKMARK [3][-]{section*.25}{\376\377\000\050\000i\000i\000\051}{section*.23}% 14
\BOOKMARK [2][-]{section*.26}{\376\377\000\050\0002\000\051}{}% 15
\BOOKMARK [1][-]{section.1}{\376\377\173\054\116\224\230\230}{}% 16
\BOOKMARK [2][-]{section*.28}{\376\377\000\050\0001\000\051}{section.1}% 17
\BOOKMARK [3][-]{section*.29}{\376\377\000\050\000i\000\051}{section*.28}% 18
\BOOKMARK [3][-]{section*.32}{\376\377\000\050\000i\000i\000\051}{section*.28}% 19
\BOOKMARK [3][-]{section*.33}{\376\377\000\050\000i\000i\000i\000\051}{section*.28}% 20
\BOOKMARK [2][-]{section*.35}{\376\377\000\050\0002\000\051}{section.1}% 21
\BOOKMARK [1][-]{section.2}{\376\377\173\054\121\155\230\230}{}% 22
\BOOKMARK [2][-]{section*.36}{\376\377\000\050\0001\000\051}{section.2}% 23
\BOOKMARK [3][-]{section*.37}{\376\377\000\050\000i\000\051}{section*.36}% 24
\BOOKMARK [3][-]{section*.38}{\376\377\000\050\000i\000i\000\051}{section*.36}% 25
\BOOKMARK [3][-]{section*.39}{\376\377\000\050\000i\000i\000i\000\051}{section*.36}% 26
\BOOKMARK [2][-]{section*.40}{\376\377\000\050\0002\000\051}{section.2}% 27
\BOOKMARK [3][-]{section*.41}{\376\377\000\050\000i\000\051}{section*.40}% 28
\BOOKMARK [3][-]{section*.43}{\376\377\000\050\000i\000i\000\051}{section*.40}% 29
\BOOKMARK [2][-]{section*.45}{\376\377\000\050\0003\000\051}{section.2}% 30
\BOOKMARK [2][-]{section*.49}{\376\377\000\050\0001\000\051}{section.2}% 31
\BOOKMARK [3][-]{section*.50}{\376\377\000\050\000i\000\051}{section*.49}% 32
\BOOKMARK [3][-]{section*.51}{\376\377\000\050\000i\000i\000\051}{section*.49}% 33
\BOOKMARK [2][-]{section*.52}{\376\377\000\050\0002\000\051}{section.2}% 34
\BOOKMARK [3][-]{section*.53}{\376\377\000\050\000i\000\051}{section*.52}% 35
\BOOKMARK [3][-]{section*.54}{\376\377\000\050\000i\000i\000\051}{section*.52}% 36
