\BOOKMARK [1][-]{section.1}{\376\377\000F\000u\000c\000k\000i\000n\000g\000\040\000B\000l\000i\000n\000d\000\040\000P\000a\000s\000s\000e\000n\000g\000e}{}% 1
\BOOKMARK [2][-]{subsection.1.1}{\376\377\000F\000u\000c\000k\000\040\000h\000e\000r\000e}{section.1}% 2
\BOOKMARK [3][-]{subsubsection.1.1.1}{\376\377\000Y\000e\000s\000\040\000J\000u\000s\000t\000\040\000F\000u\000c\000k}{subsection.1.1}% 3
\BOOKMARK [3][-]{subsubsection.1.1.2}{\376\377\000O\000H\000H\000H\000H\000H\000H\000!\000\040\000H\000O\000W\000\040\000G\000R\000E\000A\000T\000!}{subsection.1.1}% 4
\BOOKMARK [2][-]{subsection.1.2}{\376\377\000S\000h\000*\000t\000\040\000M\000a\000k\000i\000n\000g\000\040\000L\000o\000v\000e}{section.1}% 5
\BOOKMARK [3][-]{subsubsection.1.2.1}{\376\377\000Y\000e\000a\000p\000\040\000F\000u\000c\000k\000\040\000m\000e}{subsection.1.2}% 6
\BOOKMARK [2][-]{subsection.1.3}{\376\377\000M\000a\000k\000e\000\040\000l\000o\000v\000e\000\040\000w\000i\000t\000h\000\040\000u\000r\000\040\000m\000u\000m}{section.1}% 7
\BOOKMARK [3][-]{subsubsection.1.3.1}{\376\377\000T\000h\000e\000r\000e\000\040\000a\000r\000e\000\040\000t\000o\000o\000\040\000m\000u\000c\000h\000\040\000d\000i\000r\000t\000y\000\040\000w\000o\000r\000d\000s}{subsection.1.3}% 8
\BOOKMARK [3][-]{subsubsection.1.3.2}{\376\377\000M\000a\000r\000k\000\040\000Z\000h\000o\000n\000g\000\040\000I\000\040\000w\000a\000n\000t\000\040\000t\000o\000\040\000F\000u\000c\000k\000\040\000U}{subsection.1.3}% 9
\BOOKMARK [3][-]{subsubsection.1.3.3}{\376\377\000W\000e\000l\000c\000o\000m\000e\000\040\000t\000o\000\040\000F\000u\000c\000k\000\040\000Y\000x\000x}{subsection.1.3}% 10
\BOOKMARK [1][-]{section.2}{\376\377\000B\000u\000l\000l\000y\000\040\000G\000u\000y}{}% 11
\BOOKMARK [2][-]{subsection.2.1}{\376\377\000N\000i\000r\000g\000e\000\040\000f\000u\000c\000k}{section.2}% 12
\BOOKMARK [3][-]{subsubsection.2.1.1}{\376\377\000T\000a\000k\000e\000\040\000i\000t\000\040\000E\000a\000s\000e}{subsection.2.1}% 13
\BOOKMARK [3][-]{subsubsection.2.1.2}{\376\377\000I\000\040\000L\000o\000v\000e\000\040\000u\000\040\000B\000a\000b\000e}{subsection.2.1}% 14
\BOOKMARK [2][-]{subsection.2.2}{\376\377\000K\000L\000K\000L}{section.2}% 15
\BOOKMARK [3][-]{subsubsection.2.2.1}{\376\377\000T\000O\000O\000\040\000a\000b\000a\000b}{subsection.2.2}% 16
\BOOKMARK [2][-]{subsection.2.3}{\376\377\000Z\000L\000b\000l\000b\000l\000b\000l}{section.2}% 17
\BOOKMARK [3][-]{subsubsection.2.3.1}{\376\377\000T\000h\000a\000t\000s\000\040\000O\000K\000\040\000b\000a\000b\000e}{subsection.2.3}% 18
\BOOKMARK [3][-]{subsubsection.2.3.2}{\376\377\000I\000\040\000p\000r\000o\000m\000i\000s\000e}{subsection.2.3}% 19
\BOOKMARK [3][-]{subsubsection.2.3.3}{\376\377\000J\000u\000s\000t\000\040\000G\000O\000O}{subsection.2.3}% 20
\BOOKMARK [1][-]{section.3}{\376\377\116\055\145\207\155\113\213\325\213\355\153\265}{}% 21
\BOOKMARK [2][-]{subsection.3.1}{\376\377\116\015\137\305\164\006\117\032\131\052\131\032}{section.3}% 22
\BOOKMARK [3][-]{subsubsection.3.1.1}{\376\377\121\150\220\375\146\057\142\021\167\216\121\340\142\212\121\231\166\204}{subsection.3.1}% 23
\BOOKMARK [3][-]{subsubsection.3.1.2}{\376\377\123\330\142\020\121\111\133\210\142\244\236\273\210\143\133\146\131\320}{subsection.3.1}% 24
\BOOKMARK [1][-]{section.4}{\376\377\145\160\133\146\162\151\164\006\165\073\126\376\155\113\213\325\213\355\153\265}{}% 25
\BOOKMARK [2][-]{subsection.4.1}{\376\377\000L\000e\000t\000\040\000T\000r\000y\000\040\000i\000t\000!}{section.4}% 26
\BOOKMARK [3][-]{subsubsection.4.1.1}{\376\377\000t\000i\000k\000z\133\217\123\005\166\204\117\177\165\050}{subsection.4.1}% 27
\BOOKMARK [1][-]{section*.10}{\376\377\000R\000e\000f\000e\000r\000e\000n\000c\000e\000s}{}% 28
